Build started 9/22/2017 6:03:39 PM.
     1>Project "A:\Projects\C++\NeuralCells\NeuralCells\NeuralCells.vcxproj" on node 2 (Build target(s)).
     1>ClCompile:
         A:\Programs\Microsoft Visual Studio 12.0\VC\bin\CL.exe /c /ZI /nologo /W3 /WX- /sdl /Od /Oy- /D _MBCS /Gm /EHsc /RTC1 /MDd /GS /fp:precise /Zc:wchar_t /Zc:forScope /Fo"Debug\\" /Fd"Debug\vc120.pdb" /Gd /TP /analyze- /errorReport:prompt CellCreature.cpp
         CellCreature.cpp
     1>a:\projects\c++\neuralcells\neuralcells\drawing.h(63): warning C4244: 'initializing' : conversion from 'double' to 'float', possible loss of data
     1>a:\projects\c++\neuralcells\neuralcells\drawing.h(64): warning C4244: 'initializing' : conversion from 'double' to 'float', possible loss of data
     1>a:\projects\c++\neuralcells\neuralcells\drawing.h(77): warning C4244: 'argument' : conversion from 'int' to 'float', possible loss of data
     1>a:\projects\c++\neuralcells\neuralcells\drawing.h(81): warning C4244: 'initializing' : conversion from 'double' to 'float', possible loss of data
     1>a:\projects\c++\neuralcells\neuralcells\drawing.h(82): warning C4244: 'initializing' : conversion from 'double' to 'float', possible loss of data
     1>a:\projects\c++\neuralcells\neuralcells\drawing.h(94): warning C4244: 'argument' : conversion from 'int' to 'GLfloat', possible loss of data
     1>a:\projects\c++\neuralcells\neuralcells\drawing.h(95): warning C4244: 'argument' : conversion from 'int' to 'GLfloat', possible loss of data
     1>a:\projects\c++\neuralcells\neuralcells\drawing.h(97): warning C4244: 'argument' : conversion from 'int' to 'GLfloat', possible loss of data
     1>a:\projects\c++\neuralcells\neuralcells\drawing.h(187): warning C4018: '<' : signed/unsigned mismatch
     1>a:\projects\c++\neuralcells\neuralcells\drawing.h(224): warning C4018: '<' : signed/unsigned mismatch
     1>a:\projects\c++\neuralcells\neuralcells\drawing.h(267): warning C4018: '<' : signed/unsigned mismatch
     1>a:\projects\c++\neuralcells\neuralcells\neuralnetwork.h(39): warning C4018: '<' : signed/unsigned mismatch
     1>a:\projects\c++\neuralcells\neuralcells\neuralnetwork.h(60): warning C4018: '<' : signed/unsigned mismatch
     1>a:\projects\c++\neuralcells\neuralcells\neuralnetwork.h(86): warning C4018: '<' : signed/unsigned mismatch
     1>a:\projects\c++\neuralcells\neuralcells\neuralnetwork.h(124): warning C4018: '<' : signed/unsigned mismatch
     1>a:\projects\c++\neuralcells\neuralcells\neuralnetwork.h(137): warning C4244: 'initializing' : conversion from 'int' to 'float', possible loss of data
     1>a:\projects\c++\neuralcells\neuralcells\neuralnetwork.h(237): warning C4018: '<' : signed/unsigned mismatch
     1>a:\projects\c++\neuralcells\neuralcells\neuralnetwork.h(244): warning C4018: '<' : signed/unsigned mismatch
     1>a:\projects\c++\neuralcells\neuralcells\neuralnetwork.h(248): warning C4244: 'initializing' : conversion from 'double' to 'int', possible loss of data
     1>a:\projects\c++\neuralcells\neuralcells\neuralnetwork.h(249): warning C4244: 'initializing' : conversion from 'double' to 'int', possible loss of data
     1>a:\projects\c++\neuralcells\neuralcells\neuralnetwork.h(253): warning C4018: '<' : signed/unsigned mismatch
     1>a:\projects\c++\neuralcells\neuralcells\neuralnetwork.h(256): warning C4244: 'initializing' : conversion from 'double' to 'int', possible loss of data
     1>a:\projects\c++\neuralcells\neuralcells\neuralnetwork.h(257): warning C4244: 'initializing' : conversion from 'double' to 'int', possible loss of data
     1>a:\projects\c++\neuralcells\neuralcells\neuralnetwork.h(261): warning C4244: 'initializing' : conversion from 'int' to 'float', possible loss of data
     1>a:\projects\c++\neuralcells\neuralcells\neuralnetwork.h(262): warning C4244: 'initializing' : conversion from 'int' to 'float', possible loss of data
     1>a:\projects\c++\neuralcells\neuralcells\neuralnetwork.h(265): warning C4305: '+=' : truncation from 'double' to 'float'
     1>a:\projects\c++\neuralcells\neuralcells\neuralnetwork.h(266): warning C4244: '=' : conversion from 'double' to 'float', possible loss of data
     1>a:\projects\c++\neuralcells\neuralcells\neuralnetwork.h(275): warning C4244: 'argument' : conversion from 'double' to 'float', possible loss of data
     1>a:\projects\c++\neuralcells\neuralcells\neuralnetwork.h(276): warning C4244: 'argument' : conversion from 'int' to 'float', possible loss of data
     1>a:\projects\c++\neuralcells\neuralcells\neuralnetwork.h(282): warning C4018: '<' : signed/unsigned mismatch
     1>a:\projects\c++\neuralcells\neuralcells\neuralnetwork.h(289): warning C4018: '<' : signed/unsigned mismatch
     1>a:\projects\c++\neuralcells\neuralcells\neuralnetwork.h(293): warning C4244: 'initializing' : conversion from 'double' to 'int', possible loss of data
     1>a:\projects\c++\neuralcells\neuralcells\neuralnetwork.h(294): warning C4244: 'initializing' : conversion from 'double' to 'int', possible loss of data
     1>a:\projects\c++\neuralcells\neuralcells\neuralnetwork.h(313): warning C4244: 'return' : conversion from 'float' to 'int', possible loss of data
     1>a:\projects\c++\neuralcells\neuralcells\body.h(40): warning C4244: 'argument' : conversion from 'int' to 'float', possible loss of data
     1>a:\projects\c++\neuralcells\neuralcells\body.h(40): warning C4244: 'argument' : conversion from 'float' to 'int', possible loss of data
     1>a:\projects\c++\neuralcells\neuralcells\meat.h(17): warning C4244: 'argument' : conversion from 'int' to 'float', possible loss of data
     1>a:\projects\c++\neuralcells\neuralcells\meat.h(21): warning C4244: 'argument' : conversion from 'float' to 'int', possible loss of data
     1>a:\projects\c++\neuralcells\neuralcells\plant.h(16): warning C4244: 'argument' : conversion from 'int' to 'float', possible loss of data
     1>a:\projects\c++\neuralcells\neuralcells\plant.h(20): warning C4244: 'argument' : conversion from 'float' to 'int', possible loss of data
     1>a:\projects\c++\neuralcells\neuralcells\moveelement.h(20): warning C4244: 'initializing' : conversion from 'time_t' to 'float', possible loss of data
     1>a:\projects\c++\neuralcells\neuralcells\moveelement.h(23): warning C4244: '+=' : conversion from 'double' to 'float', possible loss of data
     1>a:\projects\c++\neuralcells\neuralcells\moveelement.h(27): warning C4305: '-=' : truncation from 'double' to 'float'
     1>a:\projects\c++\neuralcells\neuralcells\moveelement.h(29): warning C4305: '+=' : truncation from 'double' to 'float'
     1>a:\projects\c++\neuralcells\neuralcells\moveelement.h(31): warning C4244: 'argument' : conversion from 'int' to 'float', possible loss of data
     1>a:\projects\c++\neuralcells\neuralcells\moveelement.h(32): warning C4244: 'argument' : conversion from 'int' to 'float', possible loss of data
     1>a:\projects\c++\neuralcells\neuralcells\moveelement.h(38): warning C4244: 'argument' : conversion from 'double' to 'float', possible loss of data
     1>a:\projects\c++\neuralcells\neuralcells\moveelement.h(38): warning C4244: 'argument' : conversion from 'int' to 'float', possible loss of data
     1>a:\projects\c++\neuralcells\neuralcells\moveelement.h(51): warning C4244: 'argument' : conversion from 'int' to 'float', possible loss of data
     1>a:\projects\c++\neuralcells\neuralcells\eye.h(16): warning C4305: 'initializing' : truncation from 'double' to 'float'
     1>a:\projects\c++\neuralcells\neuralcells\eye.h(23): warning C4244: 'argument' : conversion from 'int' to 'float', possible loss of data
     1>a:\projects\c++\neuralcells\neuralcells\eye.h(23): warning C4244: 'argument' : conversion from 'float' to 'int', possible loss of data
     1>a:\projects\c++\neuralcells\neuralcells\eye.h(24): warning C4244: 'argument' : conversion from 'int' to 'float', possible loss of data
     1>a:\projects\c++\neuralcells\neuralcells\eye.h(24): warning C4244: 'argument' : conversion from 'float' to 'int', possible loss of data
     1>a:\projects\c++\neuralcells\neuralcells\shape.h(106): warning C4018: '<' : signed/unsigned mismatch
     1>a:\projects\c++\neuralcells\neuralcells\spike.h(21): warning C4244: '+=' : conversion from 'double' to 'float', possible loss of data
     1>a:\projects\c++\neuralcells\neuralcells\spike.h(23): warning C4244: 'argument' : conversion from 'int' to 'float', possible loss of data
     1>a:\projects\c++\neuralcells\neuralcells\spike.h(24): warning C4244: 'argument' : conversion from 'int' to 'float', possible loss of data
     1>a:\projects\c++\neuralcells\neuralcells\spike.h(25): warning C4244: 'argument' : conversion from 'int' to 'float', possible loss of data
     1>a:\projects\c++\neuralcells\neuralcells\plantgenerator.h(19): warning C4244: 'argument' : conversion from 'float' to 'int', possible loss of data
     1>a:\projects\c++\neuralcells\neuralcells\plantgenerator.h(31): warning C4305: 'argument' : truncation from 'double' to 'float'
     1>a:\projects\c++\neuralcells\neuralcells\plantgenerator.h(33): warning C4244: 'argument' : conversion from 'double' to 'float', possible loss of data
     1>a:\projects\c++\neuralcells\neuralcells\plantgenerator.h(55): warning C4244: 'argument' : conversion from 'float' to 'int', possible loss of data
     1>a:\projects\c++\neuralcells\neuralcells\plantgenerator.h(70): warning C4018: '<' : signed/unsigned mismatch
     1>a:\projects\c++\neuralcells\neuralcells\world.h(31): warning C4244: 'argument' : conversion from 'float' to 'int', possible loss of data
     1>a:\projects\c++\neuralcells\neuralcells\world.h(64): warning C4244: 'argument' : conversion from 'int' to 'float', possible loss of data
     1>a:\projects\c++\neuralcells\neuralcells\cellcreature.cpp(18): warning C4244: 'initializing' : conversion from 'int' to 'float', possible loss of data
     1>a:\projects\c++\neuralcells\neuralcells\cellcreature.cpp(20): warning C4244: 'argument' : conversion from 'float' to 'int', possible loss of data
     1>a:\projects\c++\neuralcells\neuralcells\cellcreature.cpp(24): warning C4244: 'argument' : conversion from 'float' to 'int', possible loss of data
     1>a:\projects\c++\neuralcells\neuralcells\cellcreature.cpp(35): warning C4244: 'argument' : conversion from 'unsigned int' to 'float', possible loss of data
     1>a:\projects\c++\neuralcells\neuralcells\cellcreature.cpp(94): warning C4018: '<' : signed/unsigned mismatch
     1>a:\projects\c++\neuralcells\neuralcells\cellcreature.cpp(110): warning C4244: 'argument' : conversion from 'int' to 'float', possible loss of data
     1>a:\projects\c++\neuralcells\neuralcells\cellcreature.cpp(136): warning C4244: '=' : conversion from 'int' to 'float', possible loss of data
     1>a:\projects\c++\neuralcells\neuralcells\cellcreature.cpp(141): warning C4018: '<' : signed/unsigned mismatch
     1>a:\projects\c++\neuralcells\neuralcells\cellcreature.cpp(147): warning C4244: 'initializing' : conversion from 'int' to 'float', possible loss of data
     1>a:\projects\c++\neuralcells\neuralcells\cellcreature.cpp(200): warning C4305: 'argument' : truncation from 'double' to 'float'
     1>a:\projects\c++\neuralcells\neuralcells\cellcreature.cpp(201): warning C4244: 'initializing' : conversion from 'int' to 'float', possible loss of data
     1>a:\projects\c++\neuralcells\neuralcells\cellcreature.cpp(221): warning C4244: 'argument' : conversion from 'float' to 'int', possible loss of data
     1>a:\projects\c++\neuralcells\neuralcells\cellcreature.cpp(245): warning C4305: 'argument' : truncation from 'double' to 'float'
     1>a:\projects\c++\neuralcells\neuralcells\cellcreature.cpp(248): warning C4244: 'argument' : conversion from 'int' to 'float', possible loss of data
     1>a:\projects\c++\neuralcells\neuralcells\cellcreature.cpp(249): warning C4244: 'argument' : conversion from 'int' to 'float', possible loss of data
     1>a:\projects\c++\neuralcells\neuralcells\cellcreature.cpp(254): warning C4244: '=' : conversion from 'double' to 'float', possible loss of data
     1>a:\projects\c++\neuralcells\neuralcells\cellcreature.cpp(255): warning C4244: '=' : conversion from 'double' to 'float', possible loss of data
     1>a:\projects\c++\neuralcells\neuralcells\cellcreature.cpp(296): warning C4244: 'argument' : conversion from 'float' to 'int', possible loss of data
     1>a:\projects\c++\neuralcells\neuralcells\cellcreature.cpp(301): warning C4244: 'argument' : conversion from 'float' to 'int', possible loss of data
       Link:
         A:\Programs\Microsoft Visual Studio 12.0\VC\bin\link.exe /ERRORREPORT:PROMPT /OUT:"A:\Projects\C++\NeuralCells\Debug\NeuralCells.exe" /INCREMENTAL /NOLOGO glfw3.lib glfw3dll.lib freeglut.lib kernel32.lib user32.lib gdi32.lib winspool.lib comdlg32.lib advapi32.lib shell32.lib ole32.lib oleaut32.lib uuid.lib odbc32.lib odbccp32.lib /MANIFEST /MANIFESTUAC:"level='asInvoker' uiAccess='false'" /manifest:embed /DEBUG /PDB:"A:\Projects\C++\NeuralCells\Debug\NeuralCells.pdb" /TLBID:1 /DYNAMICBASE /NXCOMPAT /IMPLIB:"A:\Projects\C++\NeuralCells\Debug\NeuralCells.lib" /MACHINE:X86 Debug\CellCreature.obj
         Debug\Collision.obj
         Debug\Meat.obj
         Debug\noise.obj
         Debug\World.obj
         Debug\Eye.obj
         Debug\main.obj
         Debug\Mouth.obj
         Debug\PhysHandler.obj
         Debug\PhysObject.obj
         Debug\PhysSolver.obj
         Debug\Plant.obj
         Debug\PlantGenerator.obj
         Debug\Shape.obj
     1>LINK : warning LNK4098: defaultlib 'MSVCRT' conflicts with use of other libs; use /NODEFAULTLIB:library
         NeuralCells.vcxproj -> A:\Projects\C++\NeuralCells\Debug\NeuralCells.exe
     1>Done Building Project "A:\Projects\C++\NeuralCells\NeuralCells\NeuralCells.vcxproj" (Build target(s)).

Build succeeded.

Time Elapsed 00:00:01.36
